Determining if the pthread_create exist failed with the following output:
Change Dir: /home/openface-build/build/CMakeFiles/CMakeTmp

Run Build Command:/usr/bin/make "cmTryCompileExec1379096486/fast"
/usr/bin/make -f CMakeFiles/cmTryCompileExec1379096486.dir/build.make CMakeFiles/cmTryCompileExec1379096486.dir/build
make[1]: Entering directory `/home/openface-build/build/CMakeFiles/CMakeTmp'
/usr/bin/cmake -E cmake_progress_report /home/openface-build/build/CMakeFiles/CMakeTmp/CMakeFiles 1
Building C object CMakeFiles/cmTryCompileExec1379096486.dir/CheckSymbolExists.c.o
/usr/bin/cc    -o CMakeFiles/cmTryCompileExec1379096486.dir/CheckSymbolExists.c.o   -c /home/openface-build/build/CMakeFiles/CMakeTmp/CheckSymbolExists.c
Linking C executable cmTryCompileExec1379096486
/usr/bin/cmake -E cmake_link_script CMakeFiles/cmTryCompileExec1379096486.dir/link.txt --verbose=1
/usr/bin/cc       CMakeFiles/cmTryCompileExec1379096486.dir/CheckSymbolExists.c.o  -o cmTryCompileExec1379096486 -rdynamic 
CMakeFiles/cmTryCompileExec1379096486.dir/CheckSymbolExists.c.o: In function `main':
CheckSymbolExists.c:(.text+0x16): undefined reference to `pthread_create'
collect2: error: ld returned 1 exit status
make[1]: Leaving directory `/home/openface-build/build/CMakeFiles/CMakeTmp'
make[1]: *** [cmTryCompileExec1379096486] Error 1
make: *** [cmTryCompileExec1379096486/fast] Error 2

File /home/openface-build/build/CMakeFiles/CMakeTmp/CheckSymbolExists.c:
/* */
#include <pthread.h>

int main(int argc, char** argv)
{
  (void)argv;
#ifndef pthread_create
  return ((int*)(&pthread_create))[argc];
#else
  (void)argc;
  return 0;
#endif
}

Determining if the function pthread_create exists in the pthreads failed with the following output:
Change Dir: /home/openface-build/build/CMakeFiles/CMakeTmp

Run Build Command:/usr/bin/make "cmTryCompileExec2158925167/fast"
/usr/bin/make -f CMakeFiles/cmTryCompileExec2158925167.dir/build.make CMakeFiles/cmTryCompileExec2158925167.dir/build
make[1]: Entering directory `/home/openface-build/build/CMakeFiles/CMakeTmp'
/usr/bin/cmake -E cmake_progress_report /home/openface-build/build/CMakeFiles/CMakeTmp/CMakeFiles 1
Building C object CMakeFiles/cmTryCompileExec2158925167.dir/CheckFunctionExists.c.o
/usr/bin/cc   -DCHECK_FUNCTION_EXISTS=pthread_create   -o CMakeFiles/cmTryCompileExec2158925167.dir/CheckFunctionExists.c.o   -c /usr/share/cmake-2.8/Modules/CheckFunctionExists.c
Linking C executable cmTryCompileExec2158925167
/usr/bin/cmake -E cmake_link_script CMakeFiles/cmTryCompileExec2158925167.dir/link.txt --verbose=1
/usr/bin/cc   -DCHECK_FUNCTION_EXISTS=pthread_create    CMakeFiles/cmTryCompileExec2158925167.dir/CheckFunctionExists.c.o  -o cmTryCompileExec2158925167 -rdynamic -lpthreads 
/usr/bin/ld: cannot find -lpthreads
collect2: error: ld returned 1 exit status
make[1]: Leaving directory `/home/openface-build/build/CMakeFiles/CMakeTmp'
make[1]: *** [cmTryCompileExec2158925167] Error 1
make: *** [cmTryCompileExec2158925167/fast] Error 2


